<?xml version="1.0" encoding="UTF-8"?>
<!-- Generated by org.testng.reporters.JUnitReportReporter -->
<testsuite skipped="0" hostname="WINDOWS-A3G1DEI" name="july14Maruf.ExplicitWait" tests="1" failures="0" timestamp="02 Aug 2018 19:44:59 GMT" time="11.677" errors="0">
  <testcase name="waitForDisappear" time="11.677" classname="july14Maruf.ExplicitWait"/>
</testsuite> <!-- july14Maruf.ExplicitWait -->
