<?xml version="1.0" encoding="UTF-8"?>
<!-- Generated by org.testng.reporters.JUnitReportReporter -->
<testsuite skipped="0" hostname="WINDOWS-A3G1DEI" name="june26WebElements.Statista" tests="1" failures="0" timestamp="23 Jul 2018 21:12:46 GMT" time="14.040" errors="0">
  <testcase name="navigator" time="14.040" classname="june26WebElements.Statista"/>
</testsuite> <!-- june26WebElements.Statista -->
