<?xml version="1.0" encoding="UTF-8"?>
<!-- Generated by org.testng.reporters.JUnitReportReporter -->
<testsuite skipped="0" hostname="WINDOWS-A3G1DEI" name="july3Maruf.FileUploadExamples" tests="1" failures="0" timestamp="31 Jul 2018 10:06:47 GMT" time="7.113" errors="0">
  <testcase name="testFileUpload" time="7.113" classname="july3Maruf.FileUploadExamples"/>
</testsuite> <!-- july3Maruf.FileUploadExamples -->
