<?xml version="1.0" encoding="UTF-8"?>
<!-- Generated by org.testng.reporters.JUnitReportReporter -->
<testsuite skipped="0" hostname="WINDOWS-A3G1DEI" name="june30WebElements.Repeat" tests="1" failures="0" timestamp="25 Jul 2018 17:46:59 GMT" time="27.844" errors="0">
  <testcase name="getAllProducts" time="27.844" classname="june30WebElements.Repeat"/>
</testsuite> <!-- june30WebElements.Repeat -->
