<?xml version="1.0" encoding="UTF-8"?>
<!-- Generated by org.testng.reporters.JUnitReportReporter -->
<testsuite skipped="0" hostname="WINDOWS-A3G1DEI" name="june26WebElements.WebElements2" tests="1" failures="0" timestamp="18 Jul 2018 22:13:16 GMT" time="2.542" errors="0">
  <testcase name="Homework" time="2.542" classname="june26WebElements.WebElements2"/>
</testsuite> <!-- june26WebElements.WebElements2 -->
