<?xml version="1.0" encoding="UTF-8"?>
<!-- Generated by org.testng.reporters.JUnitReportReporter -->
<testsuite skipped="0" hostname="WINDOWS-A3G1DEI" name="july14Maruf.FluentWaitTest" tests="1" failures="0" timestamp="02 Aug 2018 22:00:13 GMT" time="9.049" errors="0">
  <testcase name="test1" time="9.049" classname="july14Maruf.FluentWaitTest"/>
</testsuite> <!-- july14Maruf.FluentWaitTest -->
