<?xml version="1.0" encoding="UTF-8"?>
<!-- Generated by org.testng.reporters.JUnitReportReporter -->
<testsuite skipped="0" hostname="WINDOWS-A3G1DEI" name="webtables.WebTables" tests="1" failures="0" timestamp="26 Jul 2018 07:09:41 GMT" time="3.331" errors="0">
  <testcase name="applicatData" time="3.331" classname="webtables.WebTables"/>
</testsuite> <!-- webtables.WebTables -->
