<?xml version="1.0" encoding="UTF-8"?>
<!-- Generated by org.testng.reporters.JUnitReportReporter -->
<testsuite skipped="0" hostname="WINDOWS-A3G1DEI" name="pomdesign.WebOrderTests" tests="1" failures="0" timestamp="02 Aug 2018 04:08:38 GMT" time="2.348" errors="0">
  <testcase name="labelVerification" time="2.348" classname="pomdesign.WebOrderTests"/>
</testsuite> <!-- pomdesign.WebOrderTests -->
