<?xml version="1.0" encoding="UTF-8"?>
<!-- Generated by org.testng.reporters.JUnitReportReporter -->
<testsuite skipped="0" hostname="WINDOWS-A3G1DEI" name="july3Maruf.ActiionsExamples" tests="1" failures="0" timestamp="04 Aug 2018 13:13:22 GMT" time="6.495" errors="0">
  <testcase name="doubleClickTest" time="6.495" classname="july3Maruf.ActiionsExamples"/>
</testsuite> <!-- july3Maruf.ActiionsExamples -->
