<?xml version="1.0" encoding="UTF-8"?>
<!-- Generated by org.testng.reporters.JUnitReportReporter -->
<testsuite skipped="0" hostname="WINDOWS-A3G1DEI" name="july7Maruf.TabsWindowsExample" tests="2" failures="0" timestamp="01 Aug 2018 14:28:14 GMT" time="13.030" errors="0">
  <testcase name="switchByTitle" time="7.398" classname="july7Maruf.TabsWindowsExample"/>
  <testcase name="switchToWindow" time="5.632" classname="july7Maruf.TabsWindowsExample"/>
</testsuite> <!-- july7Maruf.TabsWindowsExample -->
