<?xml version="1.0" encoding="UTF-8"?>
<!-- Generated by org.testng.reporters.JUnitReportReporter -->
<testsuite skipped="0" hostname="WINDOWS-A3G1DEI" name="chicagoHomework.HoverOverWebElementLoop" tests="1" failures="0" timestamp="04 Aug 2018 16:19:06 GMT" time="16.239" errors="0">
  <testcase name="navigator" time="16.239" classname="chicagoHomework.HoverOverWebElementLoop"/>
</testsuite> <!-- chicagoHomework.HoverOverWebElementLoop -->
