<?xml version="1.0" encoding="UTF-8"?>
<!-- Generated by org.testng.reporters.JUnitReportReporter -->
<testsuite skipped="0" hostname="WINDOWS-A3G1DEI" name="july7Maruf.IframesTest" tests="3" failures="0" timestamp="01 Aug 2018 13:28:44 GMT" time="12.934" errors="0">
  <testcase name="iframeTest3" time="0.696" classname="july7Maruf.IframesTest"/>
  <testcase name="iframeTest2" time="10.618" classname="july7Maruf.IframesTest"/>
  <testcase name="iframeTest" time="1.620" classname="july7Maruf.IframesTest"/>
</testsuite> <!-- july7Maruf.IframesTest -->
