<?xml version="1.0" encoding="UTF-8"?>
<!-- Generated by org.testng.reporters.JUnitReportReporter -->
<testsuite skipped="1" hostname="WINDOWS-A3G1DEI" name="pomdesign.WebOrdersLoginTests" tests="3" failures="0" timestamp="02 Aug 2018 03:17:23 GMT" time="1.811" errors="0">
  <testcase name="invalidUsernameTest" time="0.975" classname="pomdesign.WebOrdersLoginTests"/>
  <testcase name="positiveLoginUsingPom" time="0.836" classname="pomdesign.WebOrdersLoginTests"/>
  <testcase name="positiveLoginTest" classname="pomdesign.WebOrdersLoginTests">
    <skipped/>
  </testcase> <!-- positiveLoginTest -->
</testsuite> <!-- pomdesign.WebOrdersLoginTests -->
