<?xml version="1.0" encoding="UTF-8"?>
<!-- Generated by org.testng.reporters.JUnitReportReporter -->
<testsuite skipped="0" hostname="WINDOWS-A3G1DEI" name="chicago.Odev" tests="1" failures="0" timestamp="23 Jul 2018 21:36:48 GMT" time="15.720" errors="0">
  <testcase name="navigator" time="15.720" classname="chicago.Odev"/>
</testsuite> <!-- chicago.Odev -->
