<?xml version="1.0" encoding="UTF-8"?>
<!-- Generated by org.testng.reporters.JUnitReportReporter -->
<testsuite skipped="0" hostname="WINDOWS-A3G1DEI" name="june23.PersonalInfoTests" tests="2" failures="0" timestamp="18 Jul 2018 05:54:45 GMT" time="5.646" errors="0">
  <testcase name="fullNameEmptyTest" time="1.415" classname="june23.PersonalInfoTests"/>
  <testcase name="submitFullApplication" time="4.231" classname="june23.PersonalInfoTests"/>
</testsuite> <!-- june23.PersonalInfoTests -->
