<?xml version="1.0" encoding="UTF-8"?>
<!-- Generated by org.testng.reporters.JUnitReportReporter -->
<testsuite skipped="0" hostname="WINDOWS-A3G1DEI" name="july14Maruf.JavaScriptExecuterExample" tests="3" failures="0" timestamp="03 Aug 2018 02:30:28 GMT" time="24.558" errors="0">
  <testcase name="alerts" time="5.916" classname="july14Maruf.JavaScriptExecuterExample"/>
  <testcase name="scroll" time="8.694" classname="july14Maruf.JavaScriptExecuterExample"/>
  <testcase name="click" time="9.948" classname="july14Maruf.JavaScriptExecuterExample"/>
</testsuite> <!-- july14Maruf.JavaScriptExecuterExample -->
