<?xml version="1.0" encoding="UTF-8"?>
<!-- Generated by org.testng.reporters.JUnitReportReporter -->
<testsuite skipped="0" hostname="WINDOWS-A3G1DEI" name="july7Maruf.PopUpExamples" tests="2" failures="0" timestamp="01 Aug 2018 12:42:08 GMT" time="4.111" errors="0">
  <testcase name="jsAlertTest" time="1.033" classname="july7Maruf.PopUpExamples"/>
  <testcase name="htmlPopUps" time="3.078" classname="july7Maruf.PopUpExamples"/>
</testsuite> <!-- july7Maruf.PopUpExamples -->
