<?xml version="1.0" encoding="UTF-8"?>
<!-- Generated by org.testng.reporters.JUnitReportReporter -->
<testsuite skipped="0" hostname="WINDOWS-A3G1DEI" name="june20.TestSearch" tests="1" failures="0" timestamp="08 Jul 2018 18:54:37 GMT" time="11.461" errors="0">
  <testcase name="amazonSearchOne" time="11.461" classname="june20.TestSearch"/>
</testsuite> <!-- june20.TestSearch -->
