<?xml version="1.0" encoding="UTF-8"?>
<!-- Generated by org.testng.reporters.JUnitReportReporter -->
<testsuite skipped="0" hostname="WINDOWS-A3G1DEI" name="chicago.Google" tests="3" failures="0" timestamp="23 Jul 2018 21:04:27 GMT" time="0.008" errors="0">
  <testcase name="googleAd" time="0.004" classname="chicago.Google"/>
  <testcase name="wgoogleImage" time="0.002" classname="chicago.Google"/>
  <testcase name="googleSearch" time="0.002" classname="chicago.Google"/>
</testsuite> <!-- chicago.Google -->
