<?xml version="1.0" encoding="UTF-8"?>
<!-- Generated by org.testng.reporters.JUnitReportReporter -->
<testsuite skipped="0" hostname="WINDOWS-A3G1DEI" name="webtables.HomeWork" tests="1" failures="0" timestamp="30 Jul 2018 13:46:34 GMT" time="28.901" errors="0">
  <testcase name="homework" time="28.901" classname="webtables.HomeWork"/>
</testsuite> <!-- webtables.HomeWork -->
